This file contains any messages produced by compilers while
running configure, to aid debugging if configure makes a mistake.

It was created by LLVM configure 3.1, which was
generated by GNU Autoconf 2.60.  Invocation command line was

  $ ../llvm/configure 

## --------- ##
## Platform. ##
## --------- ##

hostname = ubuntu
uname -m = x86_64
uname -r = 3.5.0-17-generic
uname -s = Linux
uname -v = #28-Ubuntu SMP Tue Oct 9 19:31:23 UTC 2012

/usr/bin/uname -p = unknown
/bin/uname -X     = unknown

/bin/arch              = unknown
/usr/bin/arch -k       = unknown
/usr/convex/getsysinfo = unknown
/usr/bin/hostinfo      = unknown
/bin/machine           = unknown
/usr/bin/oslevel       = unknown
/bin/universe          = unknown

PATH: /usr/lib/lightdm/lightdm
PATH: /usr/local/sbin
PATH: /usr/local/bin
PATH: /usr/sbin
PATH: /usr/bin
PATH: /sbin
PATH: /bin
PATH: /usr/games
PATH: /usr/local/games


## ----------- ##
## Core tests. ##
## ----------- ##

configure:2017: checking for clang
configure:2047: result: no
configure:2017: checking for llvm-gcc
configure:2047: result: no
configure:2017: checking for gcc
configure:2033: found /usr/bin/gcc
configure:2044: result: gcc
configure:2080: checking for C compiler version
configure:2087: gcc --version >&5
gcc (Ubuntu/Linaro 4.7.2-2ubuntu1) 4.7.2
Copyright (C) 2012 Free Software Foundation, Inc.
This is free software; see the source for copying conditions.  There is NO
warranty; not even for MERCHANTABILITY or FITNESS FOR A PARTICULAR PURPOSE.

configure:2090: $? = 0
configure:2097: gcc -v >&5
Using built-in specs.
COLLECT_GCC=gcc
COLLECT_LTO_WRAPPER=/usr/lib/gcc/x86_64-linux-gnu/4.7/lto-wrapper
Target: x86_64-linux-gnu
Configured with: ../src/configure -v --with-pkgversion='Ubuntu/Linaro 4.7.2-2ubuntu1' --with-bugurl=file:///usr/share/doc/gcc-4.7/README.Bugs --enable-languages=c,c++,go,fortran,objc,obj-c++ --prefix=/usr --program-suffix=-4.7 --enable-shared --enable-linker-build-id --with-system-zlib --libexecdir=/usr/lib --without-included-gettext --enable-threads=posix --with-gxx-include-dir=/usr/include/c++/4.7 --libdir=/usr/lib --enable-nls --with-sysroot=/ --enable-clocale=gnu --enable-libstdcxx-debug --enable-libstdcxx-time=yes --enable-gnu-unique-object --enable-plugin --enable-objc-gc --disable-werror --with-arch-32=i686 --with-tune=generic --enable-checking=release --build=x86_64-linux-gnu --host=x86_64-linux-gnu --target=x86_64-linux-gnu
Thread model: posix
gcc version 4.7.2 (Ubuntu/Linaro 4.7.2-2ubuntu1) 
configure:2100: $? = 0
configure:2107: gcc -V >&5
gcc: error: unrecognized command line option '-V'
gcc: fatal error: no input files
compilation terminated.
configure:2110: $? = 4
configure:2133: checking for C compiler default output file name
configure:2160: gcc    conftest.c  >&5
configure:2163: $? = 0
configure:2209: result: a.out
configure:2214: checking whether the C compiler works
configure:2224: ./a.out
configure:2227: $? = 0
configure:2244: result: yes
configure:2251: checking whether we are cross compiling
configure:2253: result: no
configure:2256: checking for suffix of executables
configure:2263: gcc -o conftest    conftest.c  >&5
configure:2266: $? = 0
configure:2290: result: 
configure:2296: checking for suffix of object files
configure:2322: gcc -c   conftest.c >&5
configure:2325: $? = 0
configure:2348: result: o
configure:2352: checking whether we are using the GNU C compiler
configure:2381: gcc -c   conftest.c >&5
configure:2387: $? = 0
configure:2394: test -z "$ac_c_werror_flag" || test ! -s conftest.err
configure:2397: $? = 0
configure:2404: test -s conftest.o
configure:2407: $? = 0
configure:2421: result: yes
configure:2426: checking whether gcc accepts -g
configure:2456: gcc -c -g  conftest.c >&5
configure:2462: $? = 0
configure:2469: test -z "$ac_c_werror_flag" || test ! -s conftest.err
configure:2472: $? = 0
configure:2479: test -s conftest.o
configure:2482: $? = 0
configure:2612: result: yes
configure:2629: checking for gcc option to accept ISO C89
configure:2703: gcc  -c -g -O2  conftest.c >&5
configure:2709: $? = 0
configure:2716: test -z "$ac_c_werror_flag" || test ! -s conftest.err
configure:2719: $? = 0
configure:2726: test -s conftest.o
configure:2729: $? = 0
configure:2749: result: none needed
configure:2825: checking for clang++
configure:2855: result: no
configure:2825: checking for llvm-g++
configure:2855: result: no
configure:2825: checking for g++
configure:2855: result: no
configure:2883: checking for C++ compiler version
configure:2890: g++ --version >&5
../llvm/configure: line 2891: g++: command not found
configure:2893: $? = 127
configure:2900: g++ -v >&5
../llvm/configure: line 2901: g++: command not found
configure:2903: $? = 127
configure:2910: g++ -V >&5
../llvm/configure: line 2911: g++: command not found
configure:2913: $? = 127
configure:2916: checking whether we are using the GNU C++ compiler
configure:2945: g++ -c   conftest.cpp >&5
../llvm/configure: line 2946: g++: command not found
configure:2951: $? = 127
configure: failed program was:
| /* confdefs.h.  */
| #define PACKAGE_NAME "LLVM"
| #define PACKAGE_TARNAME "llvm"
| #define PACKAGE_VERSION "3.1"
| #define PACKAGE_STRING "LLVM 3.1"
| #define PACKAGE_BUGREPORT "http://llvm.org/bugs/"
| #define LLVM_VERSION_MAJOR 3
| #define LLVM_VERSION_MINOR 1
| /* end confdefs.h.  */
| 
| int
| main ()
| {
| #ifndef __GNUC__
|        choke me
| #endif
| 
|   ;
|   return 0;
| }
configure:2985: result: no
configure:2990: checking whether g++ accepts -g
configure:3020: g++ -c -g  conftest.cpp >&5
../llvm/configure: line 3021: g++: command not found
configure:3026: $? = 127
configure: failed program was:
| /* confdefs.h.  */
| #define PACKAGE_NAME "LLVM"
| #define PACKAGE_TARNAME "llvm"
| #define PACKAGE_VERSION "3.1"
| #define PACKAGE_STRING "LLVM 3.1"
| #define PACKAGE_BUGREPORT "http://llvm.org/bugs/"
| #define LLVM_VERSION_MAJOR 3
| #define LLVM_VERSION_MINOR 1
| /* end confdefs.h.  */
| 
| int
| main ()
| {
| 
|   ;
|   return 0;
| }
configure:3075: g++ -c   conftest.cpp >&5
../llvm/configure: line 3076: g++: command not found
configure:3081: $? = 127
configure: failed program was:
| /* confdefs.h.  */
| #define PACKAGE_NAME "LLVM"
| #define PACKAGE_TARNAME "llvm"
| #define PACKAGE_VERSION "3.1"
| #define PACKAGE_STRING "LLVM 3.1"
| #define PACKAGE_BUGREPORT "http://llvm.org/bugs/"
| #define LLVM_VERSION_MAJOR 3
| #define LLVM_VERSION_MINOR 1
| /* end confdefs.h.  */
| 
| int
| main ()
| {
| 
|   ;
|   return 0;
| }
configure:3131: g++ -c -g  conftest.cpp >&5
../llvm/configure: line 3132: g++: command not found
configure:3137: $? = 127
configure: failed program was:
| /* confdefs.h.  */
| #define PACKAGE_NAME "LLVM"
| #define PACKAGE_TARNAME "llvm"
| #define PACKAGE_VERSION "3.1"
| #define PACKAGE_STRING "LLVM 3.1"
| #define PACKAGE_BUGREPORT "http://llvm.org/bugs/"
| #define LLVM_VERSION_MAJOR 3
| #define LLVM_VERSION_MINOR 1
| /* end confdefs.h.  */
| 
| int
| main ()
| {
| 
|   ;
|   return 0;
| }
configure:3176: result: no
configure:3204: checking how to run the C preprocessor
configure:3244: gcc -E  conftest.c
configure:3250: $? = 0
configure:3288: gcc -E  conftest.c
conftest.c:10:28: fatal error: ac_nonexistent.h: No such file or directory
compilation terminated.
configure:3294: $? = 1
configure: failed program was:
| /* confdefs.h.  */
| #define PACKAGE_NAME "LLVM"
| #define PACKAGE_TARNAME "llvm"
| #define PACKAGE_VERSION "3.1"
| #define PACKAGE_STRING "LLVM 3.1"
| #define PACKAGE_BUGREPORT "http://llvm.org/bugs/"
| #define LLVM_VERSION_MAJOR 3
| #define LLVM_VERSION_MINOR 1
| /* end confdefs.h.  */
| #include <ac_nonexistent.h>
configure:3334: result: gcc -E
configure:3363: gcc -E  conftest.c
configure:3369: $? = 0
configure:3407: gcc -E  conftest.c
conftest.c:10:28: fatal error: ac_nonexistent.h: No such file or directory
compilation terminated.
configure:3413: $? = 1
configure: failed program was:
| /* confdefs.h.  */
| #define PACKAGE_NAME "LLVM"
| #define PACKAGE_TARNAME "llvm"
| #define PACKAGE_VERSION "3.1"
| #define PACKAGE_STRING "LLVM 3.1"
| #define PACKAGE_BUGREPORT "http://llvm.org/bugs/"
| #define LLVM_VERSION_MAJOR 3
| #define LLVM_VERSION_MINOR 1
| /* end confdefs.h.  */
| #include <ac_nonexistent.h>
configure:3553: checking build system type
configure:3571: result: x86_64-unknown-linux-gnu
configure:3593: checking host system type
configure:3608: result: x86_64-unknown-linux-gnu
configure:3630: checking target system type
configure:3645: result: x86_64-unknown-linux-gnu
configure:3674: checking type of operating system we're going to host on
configure:3787: result: Linux
configure:3790: checking type of operating system we're going to target
configure:3842: result: Linux
configure:3888: checking target architecture
configure:3909: result: x86_64
configure:3928: checking for grep that handles long lines and -e
configure:4002: result: /bin/grep
configure:4007: checking for egrep
configure:4085: result: /bin/grep -E
configure:4090: checking for ANSI C header files
configure:4120: gcc -c -g -O2  conftest.c >&5
configure:4126: $? = 0
configure:4133: test -z "$ac_c_werror_flag" || test ! -s conftest.err
configure:4136: $? = 0
configure:4143: test -s conftest.o
configure:4146: $? = 0
configure:4242: gcc -o conftest -g -O2   conftest.c  >&5
configure:4245: $? = 0
configure:4251: ./conftest
configure:4254: $? = 0
configure:4271: result: yes
configure:4295: checking for sys/types.h
configure:4316: gcc -c -g -O2  conftest.c >&5
configure:4322: $? = 0
configure:4329: test -z "$ac_c_werror_flag" || test ! -s conftest.err
configure:4332: $? = 0
configure:4339: test -s conftest.o
configure:4342: $? = 0
configure:4355: result: yes
configure:4295: checking for sys/stat.h
configure:4316: gcc -c -g -O2  conftest.c >&5
configure:4322: $? = 0
configure:4329: test -z "$ac_c_werror_flag" || test ! -s conftest.err
configure:4332: $? = 0
configure:4339: test -s conftest.o
configure:4342: $? = 0
configure:4355: result: yes
configure:4295: checking for stdlib.h
configure:4316: gcc -c -g -O2  conftest.c >&5
configure:4322: $? = 0
configure:4329: test -z "$ac_c_werror_flag" || test ! -s conftest.err
configure:4332: $? = 0
configure:4339: test -s conftest.o
configure:4342: $? = 0
configure:4355: result: yes
configure:4295: checking for string.h
configure:4316: gcc -c -g -O2  conftest.c >&5
configure:4322: $? = 0
configure:4329: test -z "$ac_c_werror_flag" || test ! -s conftest.err
configure:4332: $? = 0
configure:4339: test -s conftest.o
configure:4342: $? = 0
configure:4355: result: yes
configure:4295: checking for memory.h
configure:4316: gcc -c -g -O2  conftest.c >&5
configure:4322: $? = 0
configure:4329: test -z "$ac_c_werror_flag" || test ! -s conftest.err
configure:4332: $? = 0
configure:4339: test -s conftest.o
configure:4342: $? = 0
configure:4355: result: yes
configure:4295: checking for strings.h
configure:4316: gcc -c -g -O2  conftest.c >&5
configure:4322: $? = 0
configure:4329: test -z "$ac_c_werror_flag" || test ! -s conftest.err
configure:4332: $? = 0
configure:4339: test -s conftest.o
configure:4342: $? = 0
configure:4355: result: yes
configure:4295: checking for inttypes.h
configure:4316: gcc -c -g -O2  conftest.c >&5
configure:4322: $? = 0
configure:4329: test -z "$ac_c_werror_flag" || test ! -s conftest.err
configure:4332: $? = 0
configure:4339: test -s conftest.o
configure:4342: $? = 0
configure:4355: result: yes
configure:4295: checking for stdint.h
configure:4316: gcc -c -g -O2  conftest.c >&5
configure:4322: $? = 0
configure:4329: test -z "$ac_c_werror_flag" || test ! -s conftest.err
configure:4332: $? = 0
configure:4339: test -s conftest.o
configure:4342: $? = 0
configure:4355: result: yes
configure:4295: checking for unistd.h
configure:4316: gcc -c -g -O2  conftest.c >&5
configure:4322: $? = 0
configure:4329: test -z "$ac_c_werror_flag" || test ! -s conftest.err
configure:4332: $? = 0
configure:4339: test -s conftest.o
configure:4342: $? = 0
configure:4355: result: yes
configure:4367: checking whether byte ordering is bigendian
configure:4399: gcc -c -g -O2  conftest.c >&5
configure:4405: $? = 0
configure:4412: test -z "$ac_c_werror_flag" || test ! -s conftest.err
configure:4415: $? = 0
configure:4422: test -s conftest.o
configure:4425: $? = 0
configure:4454: gcc -c -g -O2  conftest.c >&5
conftest.c: In function 'main':
conftest.c:28:2: error: unknown type name 'not'
conftest.c:28:10: error: expected '=', ',', ';', 'asm' or '__attribute__' before 'endian'
configure:4460: $? = 1
configure: failed program was:
| /* confdefs.h.  */
| #define PACKAGE_NAME "LLVM"
| #define PACKAGE_TARNAME "llvm"
| #define PACKAGE_VERSION "3.1"
| #define PACKAGE_STRING "LLVM 3.1"
| #define PACKAGE_BUGREPORT "http://llvm.org/bugs/"
| #define LLVM_VERSION_MAJOR 3
| #define LLVM_VERSION_MINOR 1
| #define LLVM_ON_UNIX 1
| #define STDC_HEADERS 1
| #define HAVE_SYS_TYPES_H 1
| #define HAVE_SYS_STAT_H 1
| #define HAVE_STDLIB_H 1
| #define HAVE_STRING_H 1
| #define HAVE_MEMORY_H 1
| #define HAVE_STRINGS_H 1
| #define HAVE_INTTYPES_H 1
| #define HAVE_STDINT_H 1
| #define HAVE_UNISTD_H 1
| /* end confdefs.h.  */
| #include <sys/types.h>
| #include <sys/param.h>
| 
| int
| main ()
| {
| #if BYTE_ORDER != BIG_ENDIAN
|  not big endian
| #endif
| 
|   ;
|   return 0;
| }
configure:4634: result: no
configure:5440: checking optimization flags
configure:5453: result: -O3
configure:5666: checking for BSD-compatible nm
configure:5715: result: /usr/bin/nm -B
configure:5721: checking for GNU make
configure:5736: result: make
configure:5747: checking whether ln -s works
configure:5751: result: yes
configure:5760: checking for cmp
configure:5778: found /usr/bin/cmp
configure:5791: result: /usr/bin/cmp
configure:5801: checking for cp
configure:5819: found /bin/cp
configure:5832: result: /bin/cp
configure:5842: checking for date
configure:5860: found /bin/date
configure:5873: result: /bin/date
configure:5883: checking for find
configure:5901: found /usr/bin/find
configure:5914: result: /usr/bin/find
configure:5924: checking for grep
configure:5955: result: /bin/grep
configure:5965: checking for mkdir
configure:5983: found /bin/mkdir
configure:5996: result: /bin/mkdir
configure:6006: checking for mv
configure:6024: found /bin/mv
configure:6037: result: /bin/mv
configure:6088: checking for ranlib
configure:6104: found /usr/bin/ranlib
configure:6115: result: ranlib
configure:6184: checking for ar
configure:6200: found /usr/bin/ar
configure:6211: result: ar
configure:6239: checking for rm
configure:6257: found /bin/rm
configure:6270: result: /bin/rm
configure:6280: checking for sed
configure:6298: found /bin/sed
configure:6311: result: /bin/sed
configure:6321: checking for tar
configure:6339: found /bin/tar
configure:6352: result: /bin/tar
configure:6362: checking for pwd
configure:6380: found /bin/pwd
configure:6393: result: /bin/pwd
configure:6404: checking for Graphviz
configure:6435: result: echo Graphviz
configure:6460: checking for dot
configure:6491: result: echo dot
configure:6516: checking for fdp
configure:6547: result: echo fdp
configure:6572: checking for neato
configure:6603: result: echo neato
configure:6628: checking for twopi
configure:6659: result: echo twopi
configure:6684: checking for circo
configure:6715: result: echo circo
configure:6742: checking for gv
configure:6775: result: no
configure:6742: checking for gsview32
configure:6775: result: no
configure:6801: checking for dotty
configure:6832: result: echo dotty
configure:6857: checking for xdot.py
configure:6888: result: echo xdot.py
configure:6925: checking for a BSD-compatible install
configure:6981: result: /usr/bin/install -c
configure:6999: checking for bzip2
configure:7017: found /bin/bzip2
configure:7029: result: /bin/bzip2
configure:7039: checking for cat
configure:7057: found /bin/cat
configure:7069: result: /bin/cat
configure:7079: checking for doxygen
configure:7112: result: no
configure:7119: checking for groff
configure:7137: found /usr/bin/groff
configure:7149: result: /usr/bin/groff
configure:7159: checking for gzip
configure:7177: found /bin/gzip
configure:7189: result: /bin/gzip
configure:7199: checking for pod2html
configure:7217: found /usr/bin/pod2html
configure:7229: result: /usr/bin/pod2html
configure:7239: checking for pod2man
configure:7257: found /usr/bin/pod2man
configure:7269: result: /usr/bin/pod2man
configure:7279: checking for pdfroff
configure:7312: result: no
configure:7319: checking for runtest
configure:7352: result: no
configure:7359: checking for the tclsh program in tclinclude directory
configure:7388: result: none
configure:7394: checking for tclsh8.4
configure:7427: result: no
configure:7394: checking for tclsh8.4.8
configure:7427: result: no
configure:7394: checking for tclsh8.4.7
configure:7427: result: no
configure:7394: checking for tclsh8.4.6
configure:7427: result: no
configure:7394: checking for tclsh8.4.5
configure:7427: result: no
configure:7394: checking for tclsh8.4.4
configure:7427: result: no
configure:7394: checking for tclsh8.4.3
configure:7427: result: no
configure:7394: checking for tclsh8.4.2
configure:7427: result: no
configure:7394: checking for tclsh8.4.1
configure:7427: result: no
configure:7394: checking for tclsh8.4.0
configure:7427: result: no
configure:7394: checking for tclsh8.3
configure:7427: result: no
configure:7394: checking for tclsh8.3.5
configure:7427: result: no
configure:7394: checking for tclsh8.3.4
configure:7427: result: no
configure:7394: checking for tclsh8.3.3
configure:7427: result: no
configure:7394: checking for tclsh8.3.2
configure:7427: result: no
configure:7394: checking for tclsh8.3.1
configure:7427: result: no
configure:7394: checking for tclsh8.3.0
configure:7427: result: no
configure:7394: checking for tclsh
configure:7427: result: no
configure:7449: checking for zip
configure:7467: found /usr/bin/zip
configure:7479: result: /usr/bin/zip
configure:7491: checking for ocamlc
configure:7524: result: no
configure:7536: checking for ocamlopt
configure:7569: result: no
configure:7581: checking for ocamldep
configure:7614: result: no
configure:7626: checking for ocamldoc
configure:7659: result: no
configure:7671: checking for gas
configure:7704: result: no
configure:7671: checking for as
configure:7689: found /usr/bin/as
configure:7701: result: /usr/bin/as
configure:7713: checking for linker version
configure:7729: result: 2.22.90.20120924
configure:7738: checking for compiler -Wl,-R<path> option
configure:7772: gcc -o conftest -g -O2 -Wl,-R.   conftest.c  >&5
configure:7778: $? = 0
configure:7785: test -z "$ac_c_werror_flag" || test ! -s conftest.err
configure:7788: $? = 0
configure:7795: test -s conftest
configure:7798: $? = 0
configure:7819: result: yes
configure:7830: checking for compiler -Wl,-export-dynamic option
configure:7864: gcc -o conftest -g -O2 -Wl,-export-dynamic   conftest.c  >&5
configure:7870: $? = 0
configure:7877: test -z "$ac_c_werror_flag" || test ! -s conftest.err
configure:7880: $? = 0
configure:7887: test -s conftest
configure:7890: $? = 0
configure:7911: result: yes
configure:7922: checking for compiler -Wl,--version-script option
configure:7978: gcc -o conftest -g -O2 -Wl,--version-script=/tmp/foo1DI1cN/export.map   conftest.c  >&5
configure:7984: $? = 0
configure:7991: test -z "$ac_c_werror_flag" || test ! -s conftest.err
configure:7994: $? = 0
configure:8001: test -s conftest
configure:8004: $? = 0
configure:8027: result: yes
configure:8037: checking for an ANSI C-conforming const
configure:8112: gcc -c -g -O2  conftest.c >&5
configure:8118: $? = 0
configure:8125: test -z "$ac_c_werror_flag" || test ! -s conftest.err
configure:8128: $? = 0
configure:8135: test -s conftest.o
configure:8138: $? = 0
configure:8150: result: yes
configure:8168: checking for dirent.h that defines DIR
configure:8197: gcc -c -g -O2  conftest.c >&5
configure:8203: $? = 0
configure:8210: test -z "$ac_c_werror_flag" || test ! -s conftest.err
configure:8213: $? = 0
configure:8220: test -s conftest.o
configure:8223: $? = 0
configure:8236: result: yes
configure:8249: checking for library containing opendir
configure:8290: gcc -o conftest -g -O2   conftest.c  >&5
configure:8296: $? = 0
configure:8303: test -z "$ac_c_werror_flag" || test ! -s conftest.err
configure:8306: $? = 0
configure:8313: test -s conftest
configure:8316: $? = 0
configure:8340: result: none required
configure:8465: checking dlfcn.h usability
configure:8482: gcc -c -g -O2  conftest.c >&5
configure:8488: $? = 0
configure:8495: test -z "$ac_c_werror_flag" || test ! -s conftest.err
configure:8498: $? = 0
configure:8505: test -s conftest.o
configure:8508: $? = 0
configure:8519: result: yes
configure:8523: checking dlfcn.h presence
configure:8538: gcc -E  conftest.c
configure:8544: $? = 0
configure:8565: result: yes
configure:8598: checking for dlfcn.h
configure:8606: result: yes
configure:8646: checking dynamic linker characteristics
configure:9234: result: GNU/Linux ld.so
configure:9244: checking which extension is used for loadable modules
configure:9254: result: .so
configure:9265: checking which variable specifies run-time library path
configure:9272: result: LD_LIBRARY_PATH
configure:9283: checking for the default library search path
configure:9290: result: /lib /usr/lib /usr/local/lib /usr/lib/vmware-tools/lib32/libvmGuestLib.so /usr/lib/vmware-tools/lib64/libvmGuestLib.so /usr/lib/vmware-tools/lib32/libvmGuestLibJava.so /usr/lib/vmware-tools/lib64/libvmGuestLibJava.so /usr/lib/vmware-tools/lib32/libDeployPkg.so /usr/lib/vmware-tools/lib64/libDeployPkg.so /lib/x86_64-linux-gnu /usr/lib/x86_64-linux-gnu /usr/lib/x86_64-linux-gnu/mesa 
configure:9308: checking for objdir
configure:9329: result: .libs
configure:9342: checking command to parse /usr/bin/nm -B output from  object
configure:9447: gcc -c -g -O2  conftest.c >&5
configure:9450: $? = 0
configure:9454: /usr/bin/nm -B conftest.o \| sed -n -e 's/^.*[ 	]\([ABCDGIRSTW][ABCDGIRSTW]*\)[ 	][ 	]*\([_A-Za-z][_A-Za-z0-9]*\)$/\1 \2 \2/p' \> conftest.nm
configure:9457: $? = 0
configure:9509: gcc -o conftest -g -O2   conftest.c conftstm.o >&5
configure:9512: $? = 0
configure:9550: result: ok
configure:9555: checking whether libtool supports -dlopen/-dlpreopen
configure:9567: result: yes
configure:9586: checking for shl_load
configure:9642: gcc -o conftest -g -O2   conftest.c  >&5
/tmp/ccd84C6D.o: In function `main':
/home/dan/projects/TaintTracking/llvm-build/conftest.c:80: undefined reference to `shl_load'
collect2: error: ld returned 1 exit status
configure:9648: $? = 1
configure: failed program was:
| /* confdefs.h.  */
| #define PACKAGE_NAME "LLVM"
| #define PACKAGE_TARNAME "llvm"
| #define PACKAGE_VERSION "3.1"
| #define PACKAGE_STRING "LLVM 3.1"
| #define PACKAGE_BUGREPORT "http://llvm.org/bugs/"
| #define LLVM_VERSION_MAJOR 3
| #define LLVM_VERSION_MINOR 1
| #define LLVM_ON_UNIX 1
| #define STDC_HEADERS 1
| #define HAVE_SYS_TYPES_H 1
| #define HAVE_SYS_STAT_H 1
| #define HAVE_STDLIB_H 1
| #define HAVE_STRING_H 1
| #define HAVE_MEMORY_H 1
| #define HAVE_STRINGS_H 1
| #define HAVE_INTTYPES_H 1
| #define HAVE_STDINT_H 1
| #define HAVE_UNISTD_H 1
| #define LLVM_ENABLE_THREADS 1
| #define ENABLE_PIC 1
| #define ENABLE_TIMESTAMPS 1
| #define LLVM_NATIVE_ARCH X86
| #define LLVM_NATIVE_TARGET LLVMInitializeX86Target
| #define LLVM_NATIVE_TARGETINFO LLVMInitializeX86TargetInfo
| #define LLVM_NATIVE_TARGETMC LLVMInitializeX86TargetMC
| #define LLVM_NATIVE_ASMPRINTER LLVMInitializeX86AsmPrinter
| #define LLVM_NATIVE_ASMPARSER LLVMInitializeX86AsmParser
| #define LLVM_NATIVE_DISASSEMBLER LLVMInitializeX86Disassembler
| #define CLANG_RESOURCE_DIR ""
| #define C_INCLUDE_DIRS ""
| #define GCC_INSTALL_PREFIX ""
| #define DEFAULT_SYSROOT ""
| #define BUG_REPORT_URL "http://llvm.org/bugs/"
| #define HOST_LINK_VERSION "2.22.90.20120924"
| #define HAVE_LINK_R 1
| #define HAVE_LINK_EXPORT_DYNAMIC 1
| #define HAVE_DIRENT_H 1
| #define HAVE_DLFCN_H 1
| #define LTDL_SHLIB_EXT ".so"
| #define LTDL_SHLIBPATH_VAR "LD_LIBRARY_PATH"
| #define LTDL_SYSSEARCHPATH "/lib:/usr/lib:/usr/local/lib:/usr/lib/vmware-tools/lib32/libvmGuestLib.so:/usr/lib/vmware-tools/lib64/libvmGuestLib.so:/usr/lib/vmware-tools/lib32/libvmGuestLibJava.so:/usr/lib/vmware-tools/lib64/libvmGuestLibJava.so:/usr/lib/vmware-tools/lib32/libDeployPkg.so:/usr/lib/vmware-tools/lib64/libDeployPkg.so:/lib/x86_64-linux-gnu:/usr/lib/x86_64-linux-gnu:/usr/lib/x86_64-linux-gnu/mesa"
| #define LTDL_OBJDIR ".libs/"
| #define HAVE_PRELOADED_SYMBOLS 1
| /* end confdefs.h.  */
| /* Define shl_load to an innocuous variant, in case <limits.h> declares shl_load.
|    For example, HP-UX 11i <limits.h> declares gettimeofday.  */
| #define shl_load innocuous_shl_load
| 
| /* System header to define __stub macros and hopefully few prototypes,
|     which can conflict with char shl_load (); below.
|     Prefer <limits.h> to <assert.h> if __STDC__ is defined, since
|     <limits.h> exists even on freestanding compilers.  */
| 
| #ifdef __STDC__
| # include <limits.h>
| #else
| # include <assert.h>
| #endif
| 
| #undef shl_load
| 
| /* Override any GCC internal prototype to avoid an error.
|    Use char because int might match the return type of a GCC
|    builtin and then its argument prototype would still apply.  */
| #ifdef __cplusplus
| extern "C"
| #endif
| char shl_load ();
| /* The GNU C library defines this for functions which it implements
|     to always fail with ENOSYS.  Some functions are actually named
|     something starting with __ and the normal name is an alias.  */
| #if defined __stub_shl_load || defined __stub___shl_load
| choke me
| #endif
| 
| int
| main ()
| {
| return shl_load ();
|   ;
|   return 0;
| }
configure:9681: result: no
configure:9690: checking for shl_load in -ldld
configure:9725: gcc -o conftest -g -O2   conftest.c -ldld   >&5
/usr/bin/ld: cannot find -ldld
collect2: error: ld returned 1 exit status
configure:9731: $? = 1
configure: failed program was:
| /* confdefs.h.  */
| #define PACKAGE_NAME "LLVM"
| #define PACKAGE_TARNAME "llvm"
| #define PACKAGE_VERSION "3.1"
| #define PACKAGE_STRING "LLVM 3.1"
| #define PACKAGE_BUGREPORT "http://llvm.org/bugs/"
| #define LLVM_VERSION_MAJOR 3
| #define LLVM_VERSION_MINOR 1
| #define LLVM_ON_UNIX 1
| #define STDC_HEADERS 1
| #define HAVE_SYS_TYPES_H 1
| #define HAVE_SYS_STAT_H 1
| #define HAVE_STDLIB_H 1
| #define HAVE_STRING_H 1
| #define HAVE_MEMORY_H 1
| #define HAVE_STRINGS_H 1
| #define HAVE_INTTYPES_H 1
| #define HAVE_STDINT_H 1
| #define HAVE_UNISTD_H 1
| #define LLVM_ENABLE_THREADS 1
| #define ENABLE_PIC 1
| #define ENABLE_TIMESTAMPS 1
| #define LLVM_NATIVE_ARCH X86
| #define LLVM_NATIVE_TARGET LLVMInitializeX86Target
| #define LLVM_NATIVE_TARGETINFO LLVMInitializeX86TargetInfo
| #define LLVM_NATIVE_TARGETMC LLVMInitializeX86TargetMC
| #define LLVM_NATIVE_ASMPRINTER LLVMInitializeX86AsmPrinter
| #define LLVM_NATIVE_ASMPARSER LLVMInitializeX86AsmParser
| #define LLVM_NATIVE_DISASSEMBLER LLVMInitializeX86Disassembler
| #define CLANG_RESOURCE_DIR ""
| #define C_INCLUDE_DIRS ""
| #define GCC_INSTALL_PREFIX ""
| #define DEFAULT_SYSROOT ""
| #define BUG_REPORT_URL "http://llvm.org/bugs/"
| #define HOST_LINK_VERSION "2.22.90.20120924"
| #define HAVE_LINK_R 1
| #define HAVE_LINK_EXPORT_DYNAMIC 1
| #define HAVE_DIRENT_H 1
| #define HAVE_DLFCN_H 1
| #define LTDL_SHLIB_EXT ".so"
| #define LTDL_SHLIBPATH_VAR "LD_LIBRARY_PATH"
| #define LTDL_SYSSEARCHPATH "/lib:/usr/lib:/usr/local/lib:/usr/lib/vmware-tools/lib32/libvmGuestLib.so:/usr/lib/vmware-tools/lib64/libvmGuestLib.so:/usr/lib/vmware-tools/lib32/libvmGuestLibJava.so:/usr/lib/vmware-tools/lib64/libvmGuestLibJava.so:/usr/lib/vmware-tools/lib32/libDeployPkg.so:/usr/lib/vmware-tools/lib64/libDeployPkg.so:/lib/x86_64-linux-gnu:/usr/lib/x86_64-linux-gnu:/usr/lib/x86_64-linux-gnu/mesa"
| #define LTDL_OBJDIR ".libs/"
| #define HAVE_PRELOADED_SYMBOLS 1
| /* end confdefs.h.  */
| 
| /* Override any GCC internal prototype to avoid an error.
|    Use char because int might match the return type of a GCC
|    builtin and then its argument prototype would still apply.  */
| #ifdef __cplusplus
| extern "C"
| #endif
| char shl_load ();
| int
| main ()
| {
| return shl_load ();
|   ;
|   return 0;
| }
configure:9765: result: no
configure:9775: checking for dlopen in -ldl
configure:9810: gcc -o conftest -g -O2   conftest.c -ldl   >&5
configure:9816: $? = 0
configure:9823: test -z "$ac_c_werror_flag" || test ! -s conftest.err
configure:9826: $? = 0
configure:9833: test -s conftest
configure:9836: $? = 0
configure:9850: result: yes
configure:10225: checking for dlerror
configure:10281: gcc -o conftest -g -O2   conftest.c  -ldl >&5
configure:10287: $? = 0
configure:10294: test -z "$ac_c_werror_flag" || test ! -s conftest.err
configure:10297: $? = 0
configure:10304: test -s conftest
configure:10307: $? = 0
configure:10321: result: yes
configure:10341: checking for _ prefix in compiled symbols
configure:10351: gcc -c -g -O2  conftest.c >&5
configure:10354: $? = 0
configure:10358: /usr/bin/nm -B conftest.o \| sed -n -e 's/^.*[ 	]\([ABCDGIRSTW][ABCDGIRSTW]*\)[ 	][ 	]*\([_A-Za-z][_A-Za-z0-9]*\)$/\1 \2 \2/p' \> conftest.nm
configure:10361: $? = 0
configure:10383: result: no
configure:10503: checking whether deplibs are loaded by dlopen
configure:10584: result: yes
configure:10609: checking argz.h usability
configure:10626: gcc -c -g -O2  conftest.c >&5
configure:10632: $? = 0
configure:10639: test -z "$ac_c_werror_flag" || test ! -s conftest.err
configure:10642: $? = 0
configure:10649: test -s conftest.o
configure:10652: $? = 0
configure:10663: result: yes
configure:10667: checking argz.h presence
configure:10682: gcc -E  conftest.c
configure:10688: $? = 0
configure:10709: result: yes
configure:10742: checking for argz.h
configure:10750: result: yes
configure:10764: checking for error_t
configure:10797: gcc -c -g -O2  conftest.c >&5
configure:10803: $? = 0
configure:10810: test -z "$ac_c_werror_flag" || test ! -s conftest.err
configure:10813: $? = 0
configure:10820: test -s conftest.o
configure:10823: $? = 0
configure:10835: result: yes
configure:10861: checking for argz_append
configure:10917: gcc -o conftest -g -O2   conftest.c  >&5
configure:10923: $? = 0
configure:10930: test -z "$ac_c_werror_flag" || test ! -s conftest.err
configure:10933: $? = 0
configure:10940: test -s conftest
configure:10943: $? = 0
configure:10957: result: yes
configure:10861: checking for argz_create_sep
configure:10917: gcc -o conftest -g -O2   conftest.c  >&5
configure:10923: $? = 0
configure:10930: test -z "$ac_c_werror_flag" || test ! -s conftest.err
configure:10933: $? = 0
configure:10940: test -s conftest
configure:10943: $? = 0
configure:10957: result: yes
configure:10861: checking for argz_insert
configure:10917: gcc -o conftest -g -O2   conftest.c  >&5
configure:10923: $? = 0
configure:10930: test -z "$ac_c_werror_flag" || test ! -s conftest.err
configure:10933: $? = 0
configure:10940: test -s conftest
configure:10943: $? = 0
configure:10957: result: yes
configure:10861: checking for argz_next
configure:10917: gcc -o conftest -g -O2   conftest.c  >&5
configure:10923: $? = 0
configure:10930: test -z "$ac_c_werror_flag" || test ! -s conftest.err
configure:10933: $? = 0
configure:10940: test -s conftest
configure:10943: $? = 0
configure:10957: result: yes
configure:10861: checking for argz_stringify
configure:10917: gcc -o conftest -g -O2   conftest.c  >&5
configure:10923: $? = 0
configure:10930: test -z "$ac_c_werror_flag" || test ! -s conftest.err
configure:10933: $? = 0
configure:10940: test -s conftest
configure:10943: $? = 0
configure:10957: result: yes
configure:11009: checking assert.h usability
configure:11026: gcc -c -g -O2  conftest.c >&5
configure:11032: $? = 0
configure:11039: test -z "$ac_c_werror_flag" || test ! -s conftest.err
configure:11042: $? = 0
configure:11049: test -s conftest.o
configure:11052: $? = 0
configure:11063: result: yes
configure:11067: checking assert.h presence
configure:11082: gcc -E  conftest.c
configure:11088: $? = 0
configure:11109: result: yes
configure:11142: checking for assert.h
configure:11150: result: yes
configure:11009: checking ctype.h usability
configure:11026: gcc -c -g -O2  conftest.c >&5
configure:11032: $? = 0
configure:11039: test -z "$ac_c_werror_flag" || test ! -s conftest.err
configure:11042: $? = 0
configure:11049: test -s conftest.o
configure:11052: $? = 0
configure:11063: result: yes
configure:11067: checking ctype.h presence
configure:11082: gcc -E  conftest.c
configure:11088: $? = 0
configure:11109: result: yes
configure:11142: checking for ctype.h
configure:11150: result: yes
configure:11009: checking errno.h usability
configure:11026: gcc -c -g -O2  conftest.c >&5
configure:11032: $? = 0
configure:11039: test -z "$ac_c_werror_flag" || test ! -s conftest.err
configure:11042: $? = 0
configure:11049: test -s conftest.o
configure:11052: $? = 0
configure:11063: result: yes
configure:11067: checking errno.h presence
configure:11082: gcc -E  conftest.c
configure:11088: $? = 0
configure:11109: result: yes
configure:11142: checking for errno.h
configure:11150: result: yes
configure:11009: checking malloc.h usability
configure:11026: gcc -c -g -O2  conftest.c >&5
configure:11032: $? = 0
configure:11039: test -z "$ac_c_werror_flag" || test ! -s conftest.err
configure:11042: $? = 0
configure:11049: test -s conftest.o
configure:11052: $? = 0
configure:11063: result: yes
configure:11067: checking malloc.h presence
configure:11082: gcc -E  conftest.c
configure:11088: $? = 0
configure:11109: result: yes
configure:11142: checking for malloc.h
configure:11150: result: yes
configure:10999: checking for memory.h
configure:11005: result: yes
configure:10999: checking for stdlib.h
configure:11005: result: yes
configure:11009: checking stdio.h usability
configure:11026: gcc -c -g -O2  conftest.c >&5
configure:11032: $? = 0
configure:11039: test -z "$ac_c_werror_flag" || test ! -s conftest.err
configure:11042: $? = 0
configure:11049: test -s conftest.o
configure:11052: $? = 0
configure:11063: result: yes
configure:11067: checking stdio.h presence
configure:11082: gcc -E  conftest.c
configure:11088: $? = 0
configure:11109: result: yes
configure:11142: checking for stdio.h
configure:11150: result: yes
configure:10999: checking for unistd.h
configure:11005: result: yes
configure:11181: checking dl.h usability
configure:11198: gcc -c -g -O2  conftest.c >&5
conftest.c:96:16: fatal error: dl.h: No such file or directory
compilation terminated.
configure:11204: $? = 1
configure: failed program was:
| /* confdefs.h.  */
| #define PACKAGE_NAME "LLVM"
| #define PACKAGE_TARNAME "llvm"
| #define PACKAGE_VERSION "3.1"
| #define PACKAGE_STRING "LLVM 3.1"
| #define PACKAGE_BUGREPORT "http://llvm.org/bugs/"
| #define LLVM_VERSION_MAJOR 3
| #define LLVM_VERSION_MINOR 1
| #define LLVM_ON_UNIX 1
| #define STDC_HEADERS 1
| #define HAVE_SYS_TYPES_H 1
| #define HAVE_SYS_STAT_H 1
| #define HAVE_STDLIB_H 1
| #define HAVE_STRING_H 1
| #define HAVE_MEMORY_H 1
| #define HAVE_STRINGS_H 1
| #define HAVE_INTTYPES_H 1
| #define HAVE_STDINT_H 1
| #define HAVE_UNISTD_H 1
| #define LLVM_ENABLE_THREADS 1
| #define ENABLE_PIC 1
| #define ENABLE_TIMESTAMPS 1
| #define LLVM_NATIVE_ARCH X86
| #define LLVM_NATIVE_TARGET LLVMInitializeX86Target
| #define LLVM_NATIVE_TARGETINFO LLVMInitializeX86TargetInfo
| #define LLVM_NATIVE_TARGETMC LLVMInitializeX86TargetMC
| #define LLVM_NATIVE_ASMPRINTER LLVMInitializeX86AsmPrinter
| #define LLVM_NATIVE_ASMPARSER LLVMInitializeX86AsmParser
| #define LLVM_NATIVE_DISASSEMBLER LLVMInitializeX86Disassembler
| #define CLANG_RESOURCE_DIR ""
| #define C_INCLUDE_DIRS ""
| #define GCC_INSTALL_PREFIX ""
| #define DEFAULT_SYSROOT ""
| #define BUG_REPORT_URL "http://llvm.org/bugs/"
| #define HOST_LINK_VERSION "2.22.90.20120924"
| #define HAVE_LINK_R 1
| #define HAVE_LINK_EXPORT_DYNAMIC 1
| #define HAVE_DIRENT_H 1
| #define HAVE_DLFCN_H 1
| #define LTDL_SHLIB_EXT ".so"
| #define LTDL_SHLIBPATH_VAR "LD_LIBRARY_PATH"
| #define LTDL_SYSSEARCHPATH "/lib:/usr/lib:/usr/local/lib:/usr/lib/vmware-tools/lib32/libvmGuestLib.so:/usr/lib/vmware-tools/lib64/libvmGuestLib.so:/usr/lib/vmware-tools/lib32/libvmGuestLibJava.so:/usr/lib/vmware-tools/lib64/libvmGuestLibJava.so:/usr/lib/vmware-tools/lib32/libDeployPkg.so:/usr/lib/vmware-tools/lib64/libDeployPkg.so:/lib/x86_64-linux-gnu:/usr/lib/x86_64-linux-gnu:/usr/lib/x86_64-linux-gnu/mesa"
| #define LTDL_OBJDIR ".libs/"
| #define HAVE_PRELOADED_SYMBOLS 1
| #define HAVE_LIBDL 1
| #define HAVE_DLERROR 1
| #define HAVE_ARGZ_H 1
| #define HAVE_ERROR_T 1
| #define HAVE_ARGZ_APPEND 1
| #define HAVE_ARGZ_CREATE_SEP 1
| #define HAVE_ARGZ_INSERT 1
| #define HAVE_ARGZ_NEXT 1
| #define HAVE_ARGZ_STRINGIFY 1
| #define HAVE_ASSERT_H 1
| #define HAVE_CTYPE_H 1
| #define HAVE_ERRNO_H 1
| #define HAVE_MALLOC_H 1
| #define HAVE_MEMORY_H 1
| #define HAVE_STDLIB_H 1
| #define HAVE_STDIO_H 1
| #define HAVE_UNISTD_H 1
| /* end confdefs.h.  */
| #include <stdio.h>
| #if HAVE_SYS_TYPES_H
| # include <sys/types.h>
| #endif
| #if HAVE_SYS_STAT_H
| # include <sys/stat.h>
| #endif
| #if STDC_HEADERS
| # include <stdlib.h>
| # include <stddef.h>
| #else
| # if HAVE_STDLIB_H
| #  include <stdlib.h>
| # endif
| #endif
| #if HAVE_STRING_H
| # if !STDC_HEADERS && HAVE_MEMORY_H
| #  include <memory.h>
| # endif
| # include <string.h>
| #endif
| #if HAVE_STRINGS_H
| # include <strings.h>
| #endif
| #if HAVE_INTTYPES_H
| # include <inttypes.h>
| #endif
| #if HAVE_STDINT_H
| # include <stdint.h>
| #endif
| #if HAVE_UNISTD_H
| # include <unistd.h>
| #endif
| #include <dl.h>
configure:11235: result: no
configure:11239: checking dl.h presence
configure:11254: gcc -E  conftest.c
conftest.c:63:16: fatal error: dl.h: No such file or directory
compilation terminated.
configure:11260: $? = 1
configure: failed program was:
| /* confdefs.h.  */
| #define PACKAGE_NAME "LLVM"
| #define PACKAGE_TARNAME "llvm"
| #define PACKAGE_VERSION "3.1"
| #define PACKAGE_STRING "LLVM 3.1"
| #define PACKAGE_BUGREPORT "http://llvm.org/bugs/"
| #define LLVM_VERSION_MAJOR 3
| #define LLVM_VERSION_MINOR 1
| #define LLVM_ON_UNIX 1
| #define STDC_HEADERS 1
| #define HAVE_SYS_TYPES_H 1
| #define HAVE_SYS_STAT_H 1
| #define HAVE_STDLIB_H 1
| #define HAVE_STRING_H 1
| #define HAVE_MEMORY_H 1
| #define HAVE_STRINGS_H 1
| #define HAVE_INTTYPES_H 1
| #define HAVE_STDINT_H 1
| #define HAVE_UNISTD_H 1
| #define LLVM_ENABLE_THREADS 1
| #define ENABLE_PIC 1
| #define ENABLE_TIMESTAMPS 1
| #define LLVM_NATIVE_ARCH X86
| #define LLVM_NATIVE_TARGET LLVMInitializeX86Target
| #define LLVM_NATIVE_TARGETINFO LLVMInitializeX86TargetInfo
| #define LLVM_NATIVE_TARGETMC LLVMInitializeX86TargetMC
| #define LLVM_NATIVE_ASMPRINTER LLVMInitializeX86AsmPrinter
| #define LLVM_NATIVE_ASMPARSER LLVMInitializeX86AsmParser
| #define LLVM_NATIVE_DISASSEMBLER LLVMInitializeX86Disassembler
| #define CLANG_RESOURCE_DIR ""
| #define C_INCLUDE_DIRS ""
| #define GCC_INSTALL_PREFIX ""
| #define DEFAULT_SYSROOT ""
| #define BUG_REPORT_URL "http://llvm.org/bugs/"
| #define HOST_LINK_VERSION "2.22.90.20120924"
| #define HAVE_LINK_R 1
| #define HAVE_LINK_EXPORT_DYNAMIC 1
| #define HAVE_DIRENT_H 1
| #define HAVE_DLFCN_H 1
| #define LTDL_SHLIB_EXT ".so"
| #define LTDL_SHLIBPATH_VAR "LD_LIBRARY_PATH"
| #define LTDL_SYSSEARCHPATH "/lib:/usr/lib:/usr/local/lib:/usr/lib/vmware-tools/lib32/libvmGuestLib.so:/usr/lib/vmware-tools/lib64/libvmGuestLib.so:/usr/lib/vmware-tools/lib32/libvmGuestLibJava.so:/usr/lib/vmware-tools/lib64/libvmGuestLibJava.so:/usr/lib/vmware-tools/lib32/libDeployPkg.so:/usr/lib/vmware-tools/lib64/libDeployPkg.so:/lib/x86_64-linux-gnu:/usr/lib/x86_64-linux-gnu:/usr/lib/x86_64-linux-gnu/mesa"
| #define LTDL_OBJDIR ".libs/"
| #define HAVE_PRELOADED_SYMBOLS 1
| #define HAVE_LIBDL 1
| #define HAVE_DLERROR 1
| #define HAVE_ARGZ_H 1
| #define HAVE_ERROR_T 1
| #define HAVE_ARGZ_APPEND 1
| #define HAVE_ARGZ_CREATE_SEP 1
| #define HAVE_ARGZ_INSERT 1
| #define HAVE_ARGZ_NEXT 1
| #define HAVE_ARGZ_STRINGIFY 1
| #define HAVE_ASSERT_H 1
| #define HAVE_CTYPE_H 1
| #define HAVE_ERRNO_H 1
| #define HAVE_MALLOC_H 1
| #define HAVE_MEMORY_H 1
| #define HAVE_STDLIB_H 1
| #define HAVE_STDIO_H 1
| #define HAVE_UNISTD_H 1
| /* end confdefs.h.  */
| #include <dl.h>
configure:11281: result: no
configure:11314: checking for dl.h
configure:11322: result: no
configure:11181: checking sys/dl.h usability
configure:11198: gcc -c -g -O2  conftest.c >&5
conftest.c:96:20: fatal error: sys/dl.h: No such file or directory
compilation terminated.
configure:11204: $? = 1
configure: failed program was:
| /* confdefs.h.  */
| #define PACKAGE_NAME "LLVM"
| #define PACKAGE_TARNAME "llvm"
| #define PACKAGE_VERSION "3.1"
| #define PACKAGE_STRING "LLVM 3.1"
| #define PACKAGE_BUGREPORT "http://llvm.org/bugs/"
| #define LLVM_VERSION_MAJOR 3
| #define LLVM_VERSION_MINOR 1
| #define LLVM_ON_UNIX 1
| #define STDC_HEADERS 1
| #define HAVE_SYS_TYPES_H 1
| #define HAVE_SYS_STAT_H 1
| #define HAVE_STDLIB_H 1
| #define HAVE_STRING_H 1
| #define HAVE_MEMORY_H 1
| #define HAVE_STRINGS_H 1
| #define HAVE_INTTYPES_H 1
| #define HAVE_STDINT_H 1
| #define HAVE_UNISTD_H 1
| #define LLVM_ENABLE_THREADS 1
| #define ENABLE_PIC 1
| #define ENABLE_TIMESTAMPS 1
| #define LLVM_NATIVE_ARCH X86
| #define LLVM_NATIVE_TARGET LLVMInitializeX86Target
| #define LLVM_NATIVE_TARGETINFO LLVMInitializeX86TargetInfo
| #define LLVM_NATIVE_TARGETMC LLVMInitializeX86TargetMC
| #define LLVM_NATIVE_ASMPRINTER LLVMInitializeX86AsmPrinter
| #define LLVM_NATIVE_ASMPARSER LLVMInitializeX86AsmParser
| #define LLVM_NATIVE_DISASSEMBLER LLVMInitializeX86Disassembler
| #define CLANG_RESOURCE_DIR ""
| #define C_INCLUDE_DIRS ""
| #define GCC_INSTALL_PREFIX ""
| #define DEFAULT_SYSROOT ""
| #define BUG_REPORT_URL "http://llvm.org/bugs/"
| #define HOST_LINK_VERSION "2.22.90.20120924"
| #define HAVE_LINK_R 1
| #define HAVE_LINK_EXPORT_DYNAMIC 1
| #define HAVE_DIRENT_H 1
| #define HAVE_DLFCN_H 1
| #define LTDL_SHLIB_EXT ".so"
| #define LTDL_SHLIBPATH_VAR "LD_LIBRARY_PATH"
| #define LTDL_SYSSEARCHPATH "/lib:/usr/lib:/usr/local/lib:/usr/lib/vmware-tools/lib32/libvmGuestLib.so:/usr/lib/vmware-tools/lib64/libvmGuestLib.so:/usr/lib/vmware-tools/lib32/libvmGuestLibJava.so:/usr/lib/vmware-tools/lib64/libvmGuestLibJava.so:/usr/lib/vmware-tools/lib32/libDeployPkg.so:/usr/lib/vmware-tools/lib64/libDeployPkg.so:/lib/x86_64-linux-gnu:/usr/lib/x86_64-linux-gnu:/usr/lib/x86_64-linux-gnu/mesa"
| #define LTDL_OBJDIR ".libs/"
| #define HAVE_PRELOADED_SYMBOLS 1
| #define HAVE_LIBDL 1
| #define HAVE_DLERROR 1
| #define HAVE_ARGZ_H 1
| #define HAVE_ERROR_T 1
| #define HAVE_ARGZ_APPEND 1
| #define HAVE_ARGZ_CREATE_SEP 1
| #define HAVE_ARGZ_INSERT 1
| #define HAVE_ARGZ_NEXT 1
| #define HAVE_ARGZ_STRINGIFY 1
| #define HAVE_ASSERT_H 1
| #define HAVE_CTYPE_H 1
| #define HAVE_ERRNO_H 1
| #define HAVE_MALLOC_H 1
| #define HAVE_MEMORY_H 1
| #define HAVE_STDLIB_H 1
| #define HAVE_STDIO_H 1
| #define HAVE_UNISTD_H 1
| /* end confdefs.h.  */
| #include <stdio.h>
| #if HAVE_SYS_TYPES_H
| # include <sys/types.h>
| #endif
| #if HAVE_SYS_STAT_H
| # include <sys/stat.h>
| #endif
| #if STDC_HEADERS
| # include <stdlib.h>
| # include <stddef.h>
| #else
| # if HAVE_STDLIB_H
| #  include <stdlib.h>
| # endif
| #endif
| #if HAVE_STRING_H
| # if !STDC_HEADERS && HAVE_MEMORY_H
| #  include <memory.h>
| # endif
| # include <string.h>
| #endif
| #if HAVE_STRINGS_H
| # include <strings.h>
| #endif
| #if HAVE_INTTYPES_H
| # include <inttypes.h>
| #endif
| #if HAVE_STDINT_H
| # include <stdint.h>
| #endif
| #if HAVE_UNISTD_H
| # include <unistd.h>
| #endif
| #include <sys/dl.h>
configure:11235: result: no
configure:11239: checking sys/dl.h presence
configure:11254: gcc -E  conftest.c
conftest.c:63:20: fatal error: sys/dl.h: No such file or directory
compilation terminated.
configure:11260: $? = 1
configure: failed program was:
| /* confdefs.h.  */
| #define PACKAGE_NAME "LLVM"
| #define PACKAGE_TARNAME "llvm"
| #define PACKAGE_VERSION "3.1"
| #define PACKAGE_STRING "LLVM 3.1"
| #define PACKAGE_BUGREPORT "http://llvm.org/bugs/"
| #define LLVM_VERSION_MAJOR 3
| #define LLVM_VERSION_MINOR 1
| #define LLVM_ON_UNIX 1
| #define STDC_HEADERS 1
| #define HAVE_SYS_TYPES_H 1
| #define HAVE_SYS_STAT_H 1
| #define HAVE_STDLIB_H 1
| #define HAVE_STRING_H 1
| #define HAVE_MEMORY_H 1
| #define HAVE_STRINGS_H 1
| #define HAVE_INTTYPES_H 1
| #define HAVE_STDINT_H 1
| #define HAVE_UNISTD_H 1
| #define LLVM_ENABLE_THREADS 1
| #define ENABLE_PIC 1
| #define ENABLE_TIMESTAMPS 1
| #define LLVM_NATIVE_ARCH X86
| #define LLVM_NATIVE_TARGET LLVMInitializeX86Target
| #define LLVM_NATIVE_TARGETINFO LLVMInitializeX86TargetInfo
| #define LLVM_NATIVE_TARGETMC LLVMInitializeX86TargetMC
| #define LLVM_NATIVE_ASMPRINTER LLVMInitializeX86AsmPrinter
| #define LLVM_NATIVE_ASMPARSER LLVMInitializeX86AsmParser
| #define LLVM_NATIVE_DISASSEMBLER LLVMInitializeX86Disassembler
| #define CLANG_RESOURCE_DIR ""
| #define C_INCLUDE_DIRS ""
| #define GCC_INSTALL_PREFIX ""
| #define DEFAULT_SYSROOT ""
| #define BUG_REPORT_URL "http://llvm.org/bugs/"
| #define HOST_LINK_VERSION "2.22.90.20120924"
| #define HAVE_LINK_R 1
| #define HAVE_LINK_EXPORT_DYNAMIC 1
| #define HAVE_DIRENT_H 1
| #define HAVE_DLFCN_H 1
| #define LTDL_SHLIB_EXT ".so"
| #define LTDL_SHLIBPATH_VAR "LD_LIBRARY_PATH"
| #define LTDL_SYSSEARCHPATH "/lib:/usr/lib:/usr/local/lib:/usr/lib/vmware-tools/lib32/libvmGuestLib.so:/usr/lib/vmware-tools/lib64/libvmGuestLib.so:/usr/lib/vmware-tools/lib32/libvmGuestLibJava.so:/usr/lib/vmware-tools/lib64/libvmGuestLibJava.so:/usr/lib/vmware-tools/lib32/libDeployPkg.so:/usr/lib/vmware-tools/lib64/libDeployPkg.so:/lib/x86_64-linux-gnu:/usr/lib/x86_64-linux-gnu:/usr/lib/x86_64-linux-gnu/mesa"
| #define LTDL_OBJDIR ".libs/"
| #define HAVE_PRELOADED_SYMBOLS 1
| #define HAVE_LIBDL 1
| #define HAVE_DLERROR 1
| #define HAVE_ARGZ_H 1
| #define HAVE_ERROR_T 1
| #define HAVE_ARGZ_APPEND 1
| #define HAVE_ARGZ_CREATE_SEP 1
| #define HAVE_ARGZ_INSERT 1
| #define HAVE_ARGZ_NEXT 1
| #define HAVE_ARGZ_STRINGIFY 1
| #define HAVE_ASSERT_H 1
| #define HAVE_CTYPE_H 1
| #define HAVE_ERRNO_H 1
| #define HAVE_MALLOC_H 1
| #define HAVE_MEMORY_H 1
| #define HAVE_STDLIB_H 1
| #define HAVE_STDIO_H 1
| #define HAVE_UNISTD_H 1
| /* end confdefs.h.  */
| #include <sys/dl.h>
configure:11281: result: no
configure:11314: checking for sys/dl.h
configure:11322: result: no
configure:11181: checking dld.h usability
configure:11198: gcc -c -g -O2  conftest.c >&5
conftest.c:96:17: fatal error: dld.h: No such file or directory
compilation terminated.
configure:11204: $? = 1
configure: failed program was:
| /* confdefs.h.  */
| #define PACKAGE_NAME "LLVM"
| #define PACKAGE_TARNAME "llvm"
| #define PACKAGE_VERSION "3.1"
| #define PACKAGE_STRING "LLVM 3.1"
| #define PACKAGE_BUGREPORT "http://llvm.org/bugs/"
| #define LLVM_VERSION_MAJOR 3
| #define LLVM_VERSION_MINOR 1
| #define LLVM_ON_UNIX 1
| #define STDC_HEADERS 1
| #define HAVE_SYS_TYPES_H 1
| #define HAVE_SYS_STAT_H 1
| #define HAVE_STDLIB_H 1
| #define HAVE_STRING_H 1
| #define HAVE_MEMORY_H 1
| #define HAVE_STRINGS_H 1
| #define HAVE_INTTYPES_H 1
| #define HAVE_STDINT_H 1
| #define HAVE_UNISTD_H 1
| #define LLVM_ENABLE_THREADS 1
| #define ENABLE_PIC 1
| #define ENABLE_TIMESTAMPS 1
| #define LLVM_NATIVE_ARCH X86
| #define LLVM_NATIVE_TARGET LLVMInitializeX86Target
| #define LLVM_NATIVE_TARGETINFO LLVMInitializeX86TargetInfo
| #define LLVM_NATIVE_TARGETMC LLVMInitializeX86TargetMC
| #define LLVM_NATIVE_ASMPRINTER LLVMInitializeX86AsmPrinter
| #define LLVM_NATIVE_ASMPARSER LLVMInitializeX86AsmParser
| #define LLVM_NATIVE_DISASSEMBLER LLVMInitializeX86Disassembler
| #define CLANG_RESOURCE_DIR ""
| #define C_INCLUDE_DIRS ""
| #define GCC_INSTALL_PREFIX ""
| #define DEFAULT_SYSROOT ""
| #define BUG_REPORT_URL "http://llvm.org/bugs/"
| #define HOST_LINK_VERSION "2.22.90.20120924"
| #define HAVE_LINK_R 1
| #define HAVE_LINK_EXPORT_DYNAMIC 1
| #define HAVE_DIRENT_H 1
| #define HAVE_DLFCN_H 1
| #define LTDL_SHLIB_EXT ".so"
| #define LTDL_SHLIBPATH_VAR "LD_LIBRARY_PATH"
| #define LTDL_SYSSEARCHPATH "/lib:/usr/lib:/usr/local/lib:/usr/lib/vmware-tools/lib32/libvmGuestLib.so:/usr/lib/vmware-tools/lib64/libvmGuestLib.so:/usr/lib/vmware-tools/lib32/libvmGuestLibJava.so:/usr/lib/vmware-tools/lib64/libvmGuestLibJava.so:/usr/lib/vmware-tools/lib32/libDeployPkg.so:/usr/lib/vmware-tools/lib64/libDeployPkg.so:/lib/x86_64-linux-gnu:/usr/lib/x86_64-linux-gnu:/usr/lib/x86_64-linux-gnu/mesa"
| #define LTDL_OBJDIR ".libs/"
| #define HAVE_PRELOADED_SYMBOLS 1
| #define HAVE_LIBDL 1
| #define HAVE_DLERROR 1
| #define HAVE_ARGZ_H 1
| #define HAVE_ERROR_T 1
| #define HAVE_ARGZ_APPEND 1
| #define HAVE_ARGZ_CREATE_SEP 1
| #define HAVE_ARGZ_INSERT 1
| #define HAVE_ARGZ_NEXT 1
| #define HAVE_ARGZ_STRINGIFY 1
| #define HAVE_ASSERT_H 1
| #define HAVE_CTYPE_H 1
| #define HAVE_ERRNO_H 1
| #define HAVE_MALLOC_H 1
| #define HAVE_MEMORY_H 1
| #define HAVE_STDLIB_H 1
| #define HAVE_STDIO_H 1
| #define HAVE_UNISTD_H 1
| /* end confdefs.h.  */
| #include <stdio.h>
| #if HAVE_SYS_TYPES_H
| # include <sys/types.h>
| #endif
| #if HAVE_SYS_STAT_H
| # include <sys/stat.h>
| #endif
| #if STDC_HEADERS
| # include <stdlib.h>
| # include <stddef.h>
| #else
| # if HAVE_STDLIB_H
| #  include <stdlib.h>
| # endif
| #endif
| #if HAVE_STRING_H
| # if !STDC_HEADERS && HAVE_MEMORY_H
| #  include <memory.h>
| # endif
| # include <string.h>
| #endif
| #if HAVE_STRINGS_H
| # include <strings.h>
| #endif
| #if HAVE_INTTYPES_H
| # include <inttypes.h>
| #endif
| #if HAVE_STDINT_H
| # include <stdint.h>
| #endif
| #if HAVE_UNISTD_H
| # include <unistd.h>
| #endif
| #include <dld.h>
configure:11235: result: no
configure:11239: checking dld.h presence
configure:11254: gcc -E  conftest.c
conftest.c:63:17: fatal error: dld.h: No such file or directory
compilation terminated.
configure:11260: $? = 1
configure: failed program was:
| /* confdefs.h.  */
| #define PACKAGE_NAME "LLVM"
| #define PACKAGE_TARNAME "llvm"
| #define PACKAGE_VERSION "3.1"
| #define PACKAGE_STRING "LLVM 3.1"
| #define PACKAGE_BUGREPORT "http://llvm.org/bugs/"
| #define LLVM_VERSION_MAJOR 3
| #define LLVM_VERSION_MINOR 1
| #define LLVM_ON_UNIX 1
| #define STDC_HEADERS 1
| #define HAVE_SYS_TYPES_H 1
| #define HAVE_SYS_STAT_H 1
| #define HAVE_STDLIB_H 1
| #define HAVE_STRING_H 1
| #define HAVE_MEMORY_H 1
| #define HAVE_STRINGS_H 1
| #define HAVE_INTTYPES_H 1
| #define HAVE_STDINT_H 1
| #define HAVE_UNISTD_H 1
| #define LLVM_ENABLE_THREADS 1
| #define ENABLE_PIC 1
| #define ENABLE_TIMESTAMPS 1
| #define LLVM_NATIVE_ARCH X86
| #define LLVM_NATIVE_TARGET LLVMInitializeX86Target
| #define LLVM_NATIVE_TARGETINFO LLVMInitializeX86TargetInfo
| #define LLVM_NATIVE_TARGETMC LLVMInitializeX86TargetMC
| #define LLVM_NATIVE_ASMPRINTER LLVMInitializeX86AsmPrinter
| #define LLVM_NATIVE_ASMPARSER LLVMInitializeX86AsmParser
| #define LLVM_NATIVE_DISASSEMBLER LLVMInitializeX86Disassembler
| #define CLANG_RESOURCE_DIR ""
| #define C_INCLUDE_DIRS ""
| #define GCC_INSTALL_PREFIX ""
| #define DEFAULT_SYSROOT ""
| #define BUG_REPORT_URL "http://llvm.org/bugs/"
| #define HOST_LINK_VERSION "2.22.90.20120924"
| #define HAVE_LINK_R 1
| #define HAVE_LINK_EXPORT_DYNAMIC 1
| #define HAVE_DIRENT_H 1
| #define HAVE_DLFCN_H 1
| #define LTDL_SHLIB_EXT ".so"
| #define LTDL_SHLIBPATH_VAR "LD_LIBRARY_PATH"
| #define LTDL_SYSSEARCHPATH "/lib:/usr/lib:/usr/local/lib:/usr/lib/vmware-tools/lib32/libvmGuestLib.so:/usr/lib/vmware-tools/lib64/libvmGuestLib.so:/usr/lib/vmware-tools/lib32/libvmGuestLibJava.so:/usr/lib/vmware-tools/lib64/libvmGuestLibJava.so:/usr/lib/vmware-tools/lib32/libDeployPkg.so:/usr/lib/vmware-tools/lib64/libDeployPkg.so:/lib/x86_64-linux-gnu:/usr/lib/x86_64-linux-gnu:/usr/lib/x86_64-linux-gnu/mesa"
| #define LTDL_OBJDIR ".libs/"
| #define HAVE_PRELOADED_SYMBOLS 1
| #define HAVE_LIBDL 1
| #define HAVE_DLERROR 1
| #define HAVE_ARGZ_H 1
| #define HAVE_ERROR_T 1
| #define HAVE_ARGZ_APPEND 1
| #define HAVE_ARGZ_CREATE_SEP 1
| #define HAVE_ARGZ_INSERT 1
| #define HAVE_ARGZ_NEXT 1
| #define HAVE_ARGZ_STRINGIFY 1
| #define HAVE_ASSERT_H 1
| #define HAVE_CTYPE_H 1
| #define HAVE_ERRNO_H 1
| #define HAVE_MALLOC_H 1
| #define HAVE_MEMORY_H 1
| #define HAVE_STDLIB_H 1
| #define HAVE_STDIO_H 1
| #define HAVE_UNISTD_H 1
| /* end confdefs.h.  */
| #include <dld.h>
configure:11281: result: no
configure:11314: checking for dld.h
configure:11322: result: no
configure:11181: checking mach-o/dyld.h usability
configure:11198: gcc -c -g -O2  conftest.c >&5
conftest.c:96:25: fatal error: mach-o/dyld.h: No such file or directory
compilation terminated.
configure:11204: $? = 1
configure: failed program was:
| /* confdefs.h.  */
| #define PACKAGE_NAME "LLVM"
| #define PACKAGE_TARNAME "llvm"
| #define PACKAGE_VERSION "3.1"
| #define PACKAGE_STRING "LLVM 3.1"
| #define PACKAGE_BUGREPORT "http://llvm.org/bugs/"
| #define LLVM_VERSION_MAJOR 3
| #define LLVM_VERSION_MINOR 1
| #define LLVM_ON_UNIX 1
| #define STDC_HEADERS 1
| #define HAVE_SYS_TYPES_H 1
| #define HAVE_SYS_STAT_H 1
| #define HAVE_STDLIB_H 1
| #define HAVE_STRING_H 1
| #define HAVE_MEMORY_H 1
| #define HAVE_STRINGS_H 1
| #define HAVE_INTTYPES_H 1
| #define HAVE_STDINT_H 1
| #define HAVE_UNISTD_H 1
| #define LLVM_ENABLE_THREADS 1
| #define ENABLE_PIC 1
| #define ENABLE_TIMESTAMPS 1
| #define LLVM_NATIVE_ARCH X86
| #define LLVM_NATIVE_TARGET LLVMInitializeX86Target
| #define LLVM_NATIVE_TARGETINFO LLVMInitializeX86TargetInfo
| #define LLVM_NATIVE_TARGETMC LLVMInitializeX86TargetMC
| #define LLVM_NATIVE_ASMPRINTER LLVMInitializeX86AsmPrinter
| #define LLVM_NATIVE_ASMPARSER LLVMInitializeX86AsmParser
| #define LLVM_NATIVE_DISASSEMBLER LLVMInitializeX86Disassembler
| #define CLANG_RESOURCE_DIR ""
| #define C_INCLUDE_DIRS ""
| #define GCC_INSTALL_PREFIX ""
| #define DEFAULT_SYSROOT ""
| #define BUG_REPORT_URL "http://llvm.org/bugs/"
| #define HOST_LINK_VERSION "2.22.90.20120924"
| #define HAVE_LINK_R 1
| #define HAVE_LINK_EXPORT_DYNAMIC 1
| #define HAVE_DIRENT_H 1
| #define HAVE_DLFCN_H 1
| #define LTDL_SHLIB_EXT ".so"
| #define LTDL_SHLIBPATH_VAR "LD_LIBRARY_PATH"
| #define LTDL_SYSSEARCHPATH "/lib:/usr/lib:/usr/local/lib:/usr/lib/vmware-tools/lib32/libvmGuestLib.so:/usr/lib/vmware-tools/lib64/libvmGuestLib.so:/usr/lib/vmware-tools/lib32/libvmGuestLibJava.so:/usr/lib/vmware-tools/lib64/libvmGuestLibJava.so:/usr/lib/vmware-tools/lib32/libDeployPkg.so:/usr/lib/vmware-tools/lib64/libDeployPkg.so:/lib/x86_64-linux-gnu:/usr/lib/x86_64-linux-gnu:/usr/lib/x86_64-linux-gnu/mesa"
| #define LTDL_OBJDIR ".libs/"
| #define HAVE_PRELOADED_SYMBOLS 1
| #define HAVE_LIBDL 1
| #define HAVE_DLERROR 1
| #define HAVE_ARGZ_H 1
| #define HAVE_ERROR_T 1
| #define HAVE_ARGZ_APPEND 1
| #define HAVE_ARGZ_CREATE_SEP 1
| #define HAVE_ARGZ_INSERT 1
| #define HAVE_ARGZ_NEXT 1
| #define HAVE_ARGZ_STRINGIFY 1
| #define HAVE_ASSERT_H 1
| #define HAVE_CTYPE_H 1
| #define HAVE_ERRNO_H 1
| #define HAVE_MALLOC_H 1
| #define HAVE_MEMORY_H 1
| #define HAVE_STDLIB_H 1
| #define HAVE_STDIO_H 1
| #define HAVE_UNISTD_H 1
| /* end confdefs.h.  */
| #include <stdio.h>
| #if HAVE_SYS_TYPES_H
| # include <sys/types.h>
| #endif
| #if HAVE_SYS_STAT_H
| # include <sys/stat.h>
| #endif
| #if STDC_HEADERS
| # include <stdlib.h>
| # include <stddef.h>
| #else
| # if HAVE_STDLIB_H
| #  include <stdlib.h>
| # endif
| #endif
| #if HAVE_STRING_H
| # if !STDC_HEADERS && HAVE_MEMORY_H
| #  include <memory.h>
| # endif
| # include <string.h>
| #endif
| #if HAVE_STRINGS_H
| # include <strings.h>
| #endif
| #if HAVE_INTTYPES_H
| # include <inttypes.h>
| #endif
| #if HAVE_STDINT_H
| # include <stdint.h>
| #endif
| #if HAVE_UNISTD_H
| # include <unistd.h>
| #endif
| #include <mach-o/dyld.h>
configure:11235: result: no
configure:11239: checking mach-o/dyld.h presence
configure:11254: gcc -E  conftest.c
conftest.c:63:25: fatal error: mach-o/dyld.h: No such file or directory
compilation terminated.
configure:11260: $? = 1
configure: failed program was:
| /* confdefs.h.  */
| #define PACKAGE_NAME "LLVM"
| #define PACKAGE_TARNAME "llvm"
| #define PACKAGE_VERSION "3.1"
| #define PACKAGE_STRING "LLVM 3.1"
| #define PACKAGE_BUGREPORT "http://llvm.org/bugs/"
| #define LLVM_VERSION_MAJOR 3
| #define LLVM_VERSION_MINOR 1
| #define LLVM_ON_UNIX 1
| #define STDC_HEADERS 1
| #define HAVE_SYS_TYPES_H 1
| #define HAVE_SYS_STAT_H 1
| #define HAVE_STDLIB_H 1
| #define HAVE_STRING_H 1
| #define HAVE_MEMORY_H 1
| #define HAVE_STRINGS_H 1
| #define HAVE_INTTYPES_H 1
| #define HAVE_STDINT_H 1
| #define HAVE_UNISTD_H 1
| #define LLVM_ENABLE_THREADS 1
| #define ENABLE_PIC 1
| #define ENABLE_TIMESTAMPS 1
| #define LLVM_NATIVE_ARCH X86
| #define LLVM_NATIVE_TARGET LLVMInitializeX86Target
| #define LLVM_NATIVE_TARGETINFO LLVMInitializeX86TargetInfo
| #define LLVM_NATIVE_TARGETMC LLVMInitializeX86TargetMC
| #define LLVM_NATIVE_ASMPRINTER LLVMInitializeX86AsmPrinter
| #define LLVM_NATIVE_ASMPARSER LLVMInitializeX86AsmParser
| #define LLVM_NATIVE_DISASSEMBLER LLVMInitializeX86Disassembler
| #define CLANG_RESOURCE_DIR ""
| #define C_INCLUDE_DIRS ""
| #define GCC_INSTALL_PREFIX ""
| #define DEFAULT_SYSROOT ""
| #define BUG_REPORT_URL "http://llvm.org/bugs/"
| #define HOST_LINK_VERSION "2.22.90.20120924"
| #define HAVE_LINK_R 1
| #define HAVE_LINK_EXPORT_DYNAMIC 1
| #define HAVE_DIRENT_H 1
| #define HAVE_DLFCN_H 1
| #define LTDL_SHLIB_EXT ".so"
| #define LTDL_SHLIBPATH_VAR "LD_LIBRARY_PATH"
| #define LTDL_SYSSEARCHPATH "/lib:/usr/lib:/usr/local/lib:/usr/lib/vmware-tools/lib32/libvmGuestLib.so:/usr/lib/vmware-tools/lib64/libvmGuestLib.so:/usr/lib/vmware-tools/lib32/libvmGuestLibJava.so:/usr/lib/vmware-tools/lib64/libvmGuestLibJava.so:/usr/lib/vmware-tools/lib32/libDeployPkg.so:/usr/lib/vmware-tools/lib64/libDeployPkg.so:/lib/x86_64-linux-gnu:/usr/lib/x86_64-linux-gnu:/usr/lib/x86_64-linux-gnu/mesa"
| #define LTDL_OBJDIR ".libs/"
| #define HAVE_PRELOADED_SYMBOLS 1
| #define HAVE_LIBDL 1
| #define HAVE_DLERROR 1
| #define HAVE_ARGZ_H 1
| #define HAVE_ERROR_T 1
| #define HAVE_ARGZ_APPEND 1
| #define HAVE_ARGZ_CREATE_SEP 1
| #define HAVE_ARGZ_INSERT 1
| #define HAVE_ARGZ_NEXT 1
| #define HAVE_ARGZ_STRINGIFY 1
| #define HAVE_ASSERT_H 1
| #define HAVE_CTYPE_H 1
| #define HAVE_ERRNO_H 1
| #define HAVE_MALLOC_H 1
| #define HAVE_MEMORY_H 1
| #define HAVE_STDLIB_H 1
| #define HAVE_STDIO_H 1
| #define HAVE_UNISTD_H 1
| /* end confdefs.h.  */
| #include <mach-o/dyld.h>
configure:11281: result: no
configure:11314: checking for mach-o/dyld.h
configure:11322: result: no
configure:11341: checking for string.h
configure:11347: result: yes
configure:11511: checking for strchr
configure:11567: gcc -o conftest -g -O2   conftest.c  >&5
conftest.c:87:6: warning: conflicting types for built-in function 'strchr' [enabled by default]
configure:11573: $? = 0
configure:11580: test -z "$ac_c_werror_flag" || test ! -s conftest.err
configure:11583: $? = 0
configure:11590: test -s conftest
configure:11593: $? = 0
configure:11607: result: yes
configure:11622: checking for strrchr
configure:11678: gcc -o conftest -g -O2   conftest.c  >&5
conftest.c:88:6: warning: conflicting types for built-in function 'strrchr' [enabled by default]
configure:11684: $? = 0
configure:11691: test -z "$ac_c_werror_flag" || test ! -s conftest.err
configure:11694: $? = 0
configure:11701: test -s conftest
configure:11704: $? = 0
configure:11718: result: yes
configure:11733: checking for memcpy
configure:11789: gcc -o conftest -g -O2   conftest.c  >&5
conftest.c:89:6: warning: conflicting types for built-in function 'memcpy' [enabled by default]
configure:11795: $? = 0
configure:11802: test -z "$ac_c_werror_flag" || test ! -s conftest.err
configure:11805: $? = 0
configure:11812: test -s conftest
configure:11815: $? = 0
configure:11829: result: yes
configure:11844: checking for memmove
configure:11900: gcc -o conftest -g -O2   conftest.c  >&5
conftest.c:90:6: warning: conflicting types for built-in function 'memmove' [enabled by default]
configure:11906: $? = 0
configure:11913: test -z "$ac_c_werror_flag" || test ! -s conftest.err
configure:11916: $? = 0
configure:11923: test -s conftest
configure:11926: $? = 0
configure:11940: result: yes
configure:11844: checking for strcmp
configure:11900: gcc -o conftest -g -O2   conftest.c  >&5
conftest.c:91:6: warning: conflicting types for built-in function 'strcmp' [enabled by default]
configure:11906: $? = 0
configure:11913: test -z "$ac_c_werror_flag" || test ! -s conftest.err
configure:11916: $? = 0
configure:11923: test -s conftest
configure:11926: $? = 0
configure:11940: result: yes
configure:11956: checking for closedir
configure:12012: gcc -o conftest -g -O2   conftest.c  >&5
configure:12018: $? = 0
configure:12025: test -z "$ac_c_werror_flag" || test ! -s conftest.err
configure:12028: $? = 0
configure:12035: test -s conftest
configure:12038: $? = 0
configure:12052: result: yes
configure:11956: checking for opendir
configure:12012: gcc -o conftest -g -O2   conftest.c  >&5
configure:12018: $? = 0
configure:12025: test -z "$ac_c_werror_flag" || test ! -s conftest.err
configure:12028: $? = 0
configure:12035: test -s conftest
configure:12038: $? = 0
configure:12052: result: yes
configure:11956: checking for readdir
configure:12012: gcc -o conftest -g -O2   conftest.c  >&5
configure:12018: $? = 0
configure:12025: test -z "$ac_c_werror_flag" || test ! -s conftest.err
configure:12028: $? = 0
configure:12035: test -s conftest
configure:12038: $? = 0
configure:12052: result: yes
configure:12064: checking tool compatibility
configure:12087: error: g++|clang++|icc required but not found

## ---------------- ##
## Cache variables. ##
## ---------------- ##

ac_cv_build=x86_64-unknown-linux-gnu
ac_cv_c_bigendian=no
ac_cv_c_compiler_gnu=yes
ac_cv_c_const=yes
ac_cv_cxx_compiler_gnu=no
ac_cv_env_CCC_set=
ac_cv_env_CCC_value=
ac_cv_env_CC_set=
ac_cv_env_CC_value=
ac_cv_env_CFLAGS_set=
ac_cv_env_CFLAGS_value=
ac_cv_env_CPPFLAGS_set=
ac_cv_env_CPPFLAGS_value=
ac_cv_env_CPP_set=
ac_cv_env_CPP_value=
ac_cv_env_CXXFLAGS_set=
ac_cv_env_CXXFLAGS_value=
ac_cv_env_CXX_set=
ac_cv_env_CXX_value=
ac_cv_env_LDFLAGS_set=
ac_cv_env_LDFLAGS_value=
ac_cv_env_build_alias_set=
ac_cv_env_build_alias_value=
ac_cv_env_host_alias_set=
ac_cv_env_host_alias_value=
ac_cv_env_target_alias_set=
ac_cv_env_target_alias_value=
ac_cv_func_argz_append=yes
ac_cv_func_argz_create_sep=yes
ac_cv_func_argz_insert=yes
ac_cv_func_argz_next=yes
ac_cv_func_argz_stringify=yes
ac_cv_func_closedir=yes
ac_cv_func_dlerror=yes
ac_cv_func_memcpy=yes
ac_cv_func_memmove=yes
ac_cv_func_opendir=yes
ac_cv_func_readdir=yes
ac_cv_func_shl_load=no
ac_cv_func_strchr=yes
ac_cv_func_strcmp=yes
ac_cv_func_strrchr=yes
ac_cv_header_argz_h=yes
ac_cv_header_assert_h=yes
ac_cv_header_ctype_h=yes
ac_cv_header_dirent_dirent_h=yes
ac_cv_header_dl_h=no
ac_cv_header_dld_h=no
ac_cv_header_dlfcn_h=yes
ac_cv_header_errno_h=yes
ac_cv_header_inttypes_h=yes
ac_cv_header_mach_o_dyld_h=no
ac_cv_header_malloc_h=yes
ac_cv_header_memory_h=yes
ac_cv_header_stdc=yes
ac_cv_header_stdint_h=yes
ac_cv_header_stdio_h=yes
ac_cv_header_stdlib_h=yes
ac_cv_header_string_h=yes
ac_cv_header_strings_h=yes
ac_cv_header_sys_dl_h=no
ac_cv_header_sys_stat_h=yes
ac_cv_header_sys_types_h=yes
ac_cv_header_unistd_h=yes
ac_cv_host=x86_64-unknown-linux-gnu
ac_cv_lib_dl_dlopen=yes
ac_cv_lib_dld_shl_load=no
ac_cv_objext=o
ac_cv_path_BINPWD=/bin/pwd
ac_cv_path_BZIP2=/bin/bzip2
ac_cv_path_CAT=/bin/cat
ac_cv_path_CIRCO='echo circo'
ac_cv_path_CMP=/usr/bin/cmp
ac_cv_path_CP=/bin/cp
ac_cv_path_DATE=/bin/date
ac_cv_path_DOT='echo dot'
ac_cv_path_DOTTY='echo dotty'
ac_cv_path_EGREP='/bin/grep -E'
ac_cv_path_FDP='echo fdp'
ac_cv_path_FIND=/usr/bin/find
ac_cv_path_GAS=/usr/bin/as
ac_cv_path_GRAPHVIZ='echo Graphviz'
ac_cv_path_GREP=/bin/grep
ac_cv_path_GROFF=/usr/bin/groff
ac_cv_path_GZIPBIN=/bin/gzip
ac_cv_path_MKDIR=/bin/mkdir
ac_cv_path_MV=/bin/mv
ac_cv_path_NEATO='echo neato'
ac_cv_path_POD2HTML=/usr/bin/pod2html
ac_cv_path_POD2MAN=/usr/bin/pod2man
ac_cv_path_RM=/bin/rm
ac_cv_path_SED=/bin/sed
ac_cv_path_TAR=/bin/tar
ac_cv_path_TWOPI='echo twopi'
ac_cv_path_XDOT_PY='echo xdot.py'
ac_cv_path_ZIP=/usr/bin/zip
ac_cv_path_install='/usr/bin/install -c'
ac_cv_path_tclsh=
ac_cv_prog_CPP='gcc -E'
ac_cv_prog_ac_ct_AR=ar
ac_cv_prog_ac_ct_CC=gcc
ac_cv_prog_ac_ct_RANLIB=ranlib
ac_cv_prog_cc_c89=
ac_cv_prog_cc_g=yes
ac_cv_prog_cxx_g=no
ac_cv_search_opendir='none required'
ac_cv_sys_symbol_underscore=no
ac_cv_target=x86_64-unknown-linux-gnu
ac_cv_type_error_t=yes
libltdl_cv_lib_dl_dlopen=yes
libltdl_cv_objdir=.libs
libltdl_cv_preloaded_symbols=yes
libltdl_cv_shlibext=.so
libltdl_cv_shlibpath_var=LD_LIBRARY_PATH
libltdl_cv_sys_dlopen_deplibs=yes
libltdl_cv_sys_search_path='/lib /usr/lib /usr/local/lib /usr/lib/vmware-tools/lib32/libvmGuestLib.so /usr/lib/vmware-tools/lib64/libvmGuestLib.so /usr/lib/vmware-tools/lib32/libvmGuestLibJava.so /usr/lib/vmware-tools/lib64/libvmGuestLibJava.so /usr/lib/vmware-tools/lib32/libDeployPkg.so /usr/lib/vmware-tools/lib64/libDeployPkg.so /lib/x86_64-linux-gnu /usr/lib/x86_64-linux-gnu /usr/lib/x86_64-linux-gnu/mesa '
llvm_cv_enable_libffi=no
llvm_cv_gnu_make_command=make
llvm_cv_link_all_option=-Wl,--whole-archive
llvm_cv_link_use_export_dynamic=yes
llvm_cv_link_use_r=yes
llvm_cv_link_use_version_script=yes
llvm_cv_link_version=2.22.90.20120924
llvm_cv_no_link_all_option=-Wl,--no-whole-archive
llvm_cv_os_type=Linux
llvm_cv_platform_type=Unix
llvm_cv_target_arch=x86_64
llvm_cv_target_os_type=Linux
lt_cv_path_NM='/usr/bin/nm -B'
lt_cv_sys_global_symbol_pipe='sed -n -e '\''s/^.*[ 	]\([ABCDGIRSTW][ABCDGIRSTW]*\)[ 	][ 	]*\([_A-Za-z][_A-Za-z0-9]*\)$/\1 \2 \2/p'\'''
lt_cv_sys_global_symbol_to_c_name_address='sed -n -e '\''s/^: \([^ ]*\) $/  {\"\1\", (lt_ptr) 0},/p'\'' -e '\''s/^[BCDEGRST] \([^ ]*\) \([^ ]*\)$/  {"\2", (lt_ptr) \&\2},/p'\'''
lt_cv_sys_global_symbol_to_cdecl='sed -n -e '\''s/^. .* \(.*\)$/extern int \1;/p'\'''

## ----------------- ##
## Output variables. ##
## ----------------- ##

ALL_BINDINGS=''
AR='ar'
ARCH='x86_64'
BINDINGS_TO_BUILD='auto'
BINPWD='/bin/pwd'
BINUTILS_INCDIR=''
BUILD_CC=''
BUILD_CXX=''
BUILD_EXEEXT=''
BZIP2='/bin/bzip2'
CAT='/bin/cat'
CC='gcc'
CFLAGS='-g -O2'
CIRCO='echo circo'
CLANG_SRC_ROOT=''
CMP='/usr/bin/cmp'
CONVENIENCE_LTDL_FALSE=''
CONVENIENCE_LTDL_TRUE='#'
COVERED_SWITCH_DEFAULT=''
CP='/bin/cp'
CPP='gcc -E'
CPPFLAGS=''
CVSBUILD=''
CXX='g++'
CXXFLAGS=''
DATE='/bin/date'
DEBUG_RUNTIME=''
DEBUG_SYMBOLS=''
DEFS=''
DISABLE_ASSERTIONS=''
DOT='echo dot'
DOTTY='echo dotty'
DOXYGEN=''
ECHO_C=''
ECHO_N='-n'
ECHO_T=''
EGREP='/bin/grep -E'
ENABLE_DOCS='1'
ENABLE_DOXYGEN='0'
ENABLE_EMBED_STDCXX='0'
ENABLE_EXPENSIVE_CHECKS=''
ENABLE_LIBCPP='0'
ENABLE_OPTIMIZED='ENABLE_OPTIMIZED=1'
ENABLE_PIC='1'
ENABLE_POLLY='1'
ENABLE_PROFILING=''
ENABLE_PTHREADS='1'
ENABLE_SHARED='0'
ENABLE_TIMESTAMPS='1'
ENABLE_VISIBILITY_INLINES_HIDDEN=''
ENDIAN='little'
EXEEXT=''
EXPENSIVE_CHECKS='no'
EXTRA_LD_OPTIONS=''
EXTRA_OPTIONS=''
FDP='echo fdp'
FIND='/usr/bin/find'
GAS='/usr/bin/as'
GRAPHVIZ='echo Graphviz'
GREP='/bin/grep'
GROFF='/usr/bin/groff'
GV='echo gv'
GZIPBIN='/bin/gzip'
HAVE_LINK_VERSION_SCRIPT='1'
HAVE_PTHREAD=''
HOST_OS='Linux'
HUGE_VAL_SANITY=''
INSTALL_DATA='${INSTALL} -m 644'
INSTALL_LTDL_FALSE=''
INSTALL_LTDL_TRUE='#'
INSTALL_PROGRAM='${INSTALL}'
INSTALL_SCRIPT='${INSTALL}'
INTEL_JITEVENTS_INCDIR=''
INTEL_JITEVENTS_LIBDIR=''
INTERNAL_PREFIX=''
JIT=''
LDFLAGS=''
LIBADD_DL='-ldl'
LIBOBJS=''
LIBS=''
LINKALL='-Wl,--whole-archive'
LLVM_BINDIR=''
LLVM_CONFIGTIME=''
LLVM_COPYRIGHT='Copyright (c) 2003-2012 University of Illinois at Urbana-Champaign.'
LLVM_CROSS_COMPILING='0'
LLVM_DATADIR=''
LLVM_DOCSDIR=''
LLVM_ENABLE_THREADS='1'
LLVM_ENUM_ASM_PARSERS='LLVM_ASM_PARSER(MBlaze) LLVM_ASM_PARSER(Mips) LLVM_ASM_PARSER(ARM) LLVM_ASM_PARSER(X86) '
LLVM_ENUM_ASM_PRINTERS='LLVM_ASM_PRINTER(Hexagon) LLVM_ASM_PRINTER(PTX) LLVM_ASM_PRINTER(MBlaze) LLVM_ASM_PRINTER(MSP430) LLVM_ASM_PRINTER(XCore) LLVM_ASM_PRINTER(CellSPU) LLVM_ASM_PRINTER(Mips) LLVM_ASM_PRINTER(ARM) LLVM_ASM_PRINTER(PowerPC) LLVM_ASM_PRINTER(Sparc) LLVM_ASM_PRINTER(X86) '
LLVM_ENUM_DISASSEMBLERS='LLVM_DISASSEMBLER(MBlaze) LLVM_DISASSEMBLER(Mips) LLVM_DISASSEMBLER(ARM) LLVM_DISASSEMBLER(X86) '
LLVM_ENUM_TARGETS='LLVM_TARGET(Hexagon) LLVM_TARGET(PTX) LLVM_TARGET(MBlaze) LLVM_TARGET(CppBackend) LLVM_TARGET(MSP430) LLVM_TARGET(XCore) LLVM_TARGET(CellSPU) LLVM_TARGET(Mips) LLVM_TARGET(ARM) LLVM_TARGET(PowerPC) LLVM_TARGET(Sparc) LLVM_TARGET(X86) '
LLVM_ETCDIR=''
LLVM_HAS_POLLY=''
LLVM_INCLUDEDIR=''
LLVM_INFODIR=''
LLVM_LIBDIR=''
LLVM_MANDIR=''
LLVM_ON_UNIX='1'
LLVM_ON_WIN32='0'
LLVM_PREFIX=''
LN_S='ln -s'
LTLIBOBJS=''
MKDIR='/bin/mkdir'
MMAP_FILE=''
MV='/bin/mv'
NEATO='echo neato'
NM='/usr/bin/nm -B'
NOLINKALL='-Wl,--no-whole-archive'
NO_MISSING_FIELD_INITIALIZERS=''
NO_VARIADIC_MACROS=''
OBJEXT='o'
OCAMLC=''
OCAMLDEP=''
OCAMLDOC=''
OCAMLOPT=''
OCAML_LIBDIR=''
OPTIMIZE_OPTION='-O3'
OS='Linux'
PACKAGE_BUGREPORT='http://llvm.org/bugs/'
PACKAGE_NAME='LLVM'
PACKAGE_STRING='LLVM 3.1'
PACKAGE_TARNAME='llvm'
PACKAGE_VERSION='3.1'
PATH_SEPARATOR=':'
PDFROFF=''
POD2HTML='/usr/bin/pod2html'
POD2MAN='/usr/bin/pod2man'
RANLIB='ranlib'
RDYNAMIC=''
RM='/bin/rm'
RPATH=''
RUNTEST=''
SED='/bin/sed'
SHELL='/bin/bash'
SHLIBEXT=''
SHLIBPATH_VAR=''
TAR='/bin/tar'
TARGETS_TO_BUILD='X86 Sparc PowerPC ARM Mips CellSPU XCore MSP430 CppBackend MBlaze PTX Hexagon'
TARGET_HAS_JIT='1'
TARGET_OS='Linux'
TCLSH=''
TWOPI='echo twopi'
USE_INTEL_JITEVENTS=''
USE_OPROFILE=''
USE_UDIS86=''
XDOT_PY='echo xdot.py'
ZIP='/usr/bin/zip'
ac_ct_CC='gcc'
ac_ct_CXX=''
bindir='${exec_prefix}/bin'
build='x86_64-unknown-linux-gnu'
build_alias=''
build_cpu='x86_64'
build_os='linux-gnu'
build_vendor='unknown'
datadir='${datarootdir}'
datarootdir='${prefix}/share'
docdir='${datarootdir}/doc/${PACKAGE_TARNAME}'
dvidir='${docdir}'
exec_prefix='NONE'
host='x86_64-unknown-linux-gnu'
host_alias=''
host_cpu='x86_64'
host_os='linux-gnu'
host_vendor='unknown'
htmldir='${docdir}'
ifGNUmake=''
includedir='${prefix}/include'
infodir='${datarootdir}/info'
libdir='${exec_prefix}/lib'
libexecdir='${exec_prefix}/libexec'
localedir='${datarootdir}/locale'
localstatedir='${prefix}/var'
mandir='${datarootdir}/man'
oldincludedir='/usr/include'
pdfdir='${docdir}'
prefix='NONE'
program_transform_name='s,x,x,'
psdir='${docdir}'
sbindir='${exec_prefix}/sbin'
sharedstatedir='${prefix}/com'
subdirs=' projects/test-suite projects/sample'
sysconfdir='${prefix}/etc'
target='x86_64-unknown-linux-gnu'
target_alias=''
target_cpu='x86_64'
target_os='linux-gnu'
target_vendor='unknown'

## ----------- ##
## confdefs.h. ##
## ----------- ##

#define PACKAGE_NAME "LLVM"
#define PACKAGE_TARNAME "llvm"
#define PACKAGE_VERSION "3.1"
#define PACKAGE_STRING "LLVM 3.1"
#define PACKAGE_BUGREPORT "http://llvm.org/bugs/"
#define LLVM_VERSION_MAJOR 3
#define LLVM_VERSION_MINOR 1
#define LLVM_ON_UNIX 1
#define STDC_HEADERS 1
#define HAVE_SYS_TYPES_H 1
#define HAVE_SYS_STAT_H 1
#define HAVE_STDLIB_H 1
#define HAVE_STRING_H 1
#define HAVE_MEMORY_H 1
#define HAVE_STRINGS_H 1
#define HAVE_INTTYPES_H 1
#define HAVE_STDINT_H 1
#define HAVE_UNISTD_H 1
#define LLVM_ENABLE_THREADS 1
#define ENABLE_PIC 1
#define ENABLE_TIMESTAMPS 1
#define LLVM_NATIVE_ARCH X86
#define LLVM_NATIVE_TARGET LLVMInitializeX86Target
#define LLVM_NATIVE_TARGETINFO LLVMInitializeX86TargetInfo
#define LLVM_NATIVE_TARGETMC LLVMInitializeX86TargetMC
#define LLVM_NATIVE_ASMPRINTER LLVMInitializeX86AsmPrinter
#define LLVM_NATIVE_ASMPARSER LLVMInitializeX86AsmParser
#define LLVM_NATIVE_DISASSEMBLER LLVMInitializeX86Disassembler
#define CLANG_RESOURCE_DIR ""
#define C_INCLUDE_DIRS ""
#define GCC_INSTALL_PREFIX ""
#define DEFAULT_SYSROOT ""
#define BUG_REPORT_URL "http://llvm.org/bugs/"
#define HOST_LINK_VERSION "2.22.90.20120924"
#define HAVE_LINK_R 1
#define HAVE_LINK_EXPORT_DYNAMIC 1
#define HAVE_DIRENT_H 1
#define HAVE_DLFCN_H 1
#define LTDL_SHLIB_EXT ".so"
#define LTDL_SHLIBPATH_VAR "LD_LIBRARY_PATH"
#define LTDL_SYSSEARCHPATH "/lib:/usr/lib:/usr/local/lib:/usr/lib/vmware-tools/lib32/libvmGuestLib.so:/usr/lib/vmware-tools/lib64/libvmGuestLib.so:/usr/lib/vmware-tools/lib32/libvmGuestLibJava.so:/usr/lib/vmware-tools/lib64/libvmGuestLibJava.so:/usr/lib/vmware-tools/lib32/libDeployPkg.so:/usr/lib/vmware-tools/lib64/libDeployPkg.so:/lib/x86_64-linux-gnu:/usr/lib/x86_64-linux-gnu:/usr/lib/x86_64-linux-gnu/mesa"
#define LTDL_OBJDIR ".libs/"
#define HAVE_PRELOADED_SYMBOLS 1
#define HAVE_LIBDL 1
#define HAVE_DLERROR 1
#define HAVE_ARGZ_H 1
#define HAVE_ERROR_T 1
#define HAVE_ARGZ_APPEND 1
#define HAVE_ARGZ_CREATE_SEP 1
#define HAVE_ARGZ_INSERT 1
#define HAVE_ARGZ_NEXT 1
#define HAVE_ARGZ_STRINGIFY 1
#define HAVE_ASSERT_H 1
#define HAVE_CTYPE_H 1
#define HAVE_ERRNO_H 1
#define HAVE_MALLOC_H 1
#define HAVE_MEMORY_H 1
#define HAVE_STDLIB_H 1
#define HAVE_STDIO_H 1
#define HAVE_UNISTD_H 1
#define HAVE_STRING_H 1
#define HAVE_STRCHR 1
#define HAVE_STRRCHR 1
#define HAVE_MEMCPY 1
#define HAVE_MEMMOVE 1
#define HAVE_STRCMP 1
#define HAVE_CLOSEDIR 1
#define HAVE_OPENDIR 1
#define HAVE_READDIR 1

configure: exit 1
